TN:
SF:assets/js/blog-pagination.js
FN:1,(anonymous_0)
FN:8,parseHash
FN:12,(anonymous_2)
FN:19,renderPostCard
FN:66,buildHash
FN:73,renderPage
FN:90,createBtn
FN:95,(anonymous_7)
FN:103,renderControls
FN:125,(anonymous_9)
FN:135,(anonymous_10)
FNF:11
FNH:0
FNDA:0,(anonymous_0)
FNDA:0,parseHash
FNDA:0,(anonymous_2)
FNDA:0,renderPostCard
FNDA:0,buildHash
FNDA:0,renderPage
FNDA:0,createBtn
FNDA:0,(anonymous_7)
FNDA:0,renderControls
FNDA:0,(anonymous_9)
FNDA:0,(anonymous_10)
DA:1,0
DA:2,0
DA:3,0
DA:4,0
DA:5,0
DA:6,0
DA:9,0
DA:10,0
DA:11,0
DA:12,0
DA:13,0
DA:14,0
DA:16,0
DA:20,0
DA:21,0
DA:22,0
DA:23,0
DA:24,0
DA:25,0
DA:26,0
DA:28,0
DA:29,0
DA:30,0
DA:31,0
DA:32,0
DA:35,0
DA:36,0
DA:38,0
DA:39,0
DA:40,0
DA:42,0
DA:43,0
DA:44,0
DA:45,0
DA:46,0
DA:50,0
DA:51,0
DA:52,0
DA:53,0
DA:54,0
DA:56,0
DA:57,0
DA:58,0
DA:59,0
DA:60,0
DA:61,0
DA:64,0
DA:67,0
DA:68,0
DA:69,0
DA:70,0
DA:74,0
DA:75,0
DA:76,0
DA:78,0
DA:79,0
DA:80,0
DA:81,0
DA:82,0
DA:85,0
DA:86,0
DA:87,0
DA:91,0
DA:92,0
DA:93,0
DA:94,0
DA:95,0
DA:96,0
DA:97,0
DA:98,0
DA:100,0
DA:104,0
DA:105,0
DA:107,0
DA:108,0
DA:110,0
DA:111,0
DA:112,0
DA:113,0
DA:115,0
DA:116,0
DA:117,0
DA:118,0
DA:121,0
DA:122,0
DA:125,0
DA:126,0
DA:127,0
DA:128,0
DA:129,0
DA:132,0
DA:133,0
DA:135,0
DA:136,0
DA:137,0
DA:138,0
DA:139,0
DA:140,0
DA:141,0
DA:142,0
DA:145,0
DA:146,0
LF:102
LH:0
BRDA:2,0,0,0
BRDA:2,0,1,0
BRDA:9,1,0,0
BRDA:9,1,1,0
BRDA:14,2,0,0
BRDA:14,2,1,0
BRDA:31,3,0,0
BRDA:31,3,1,0
BRDA:31,4,0,0
BRDA:31,4,1,0
BRDA:50,5,0,0
BRDA:50,5,1,0
BRDA:52,6,0,0
BRDA:52,6,1,0
BRDA:52,7,0,0
BRDA:52,7,1,0
BRDA:53,8,0,0
BRDA:53,8,1,0
BRDA:53,9,0,0
BRDA:53,9,1,0
BRDA:56,10,0,0
BRDA:56,10,1,0
BRDA:68,11,0,0
BRDA:68,11,1,0
BRDA:69,12,0,0
BRDA:69,12,1,0
BRDA:75,13,0,0
BRDA:75,13,1,0
BRDA:76,14,0,0
BRDA:76,14,1,0
BRDA:92,15,0,0
BRDA:92,15,1,0
BRDA:97,16,0,0
BRDA:97,16,1,0
BRDA:105,17,0,0
BRDA:105,17,1,0
BRDA:113,18,0,0
BRDA:113,18,1,0
BRDA:117,19,0,0
BRDA:117,19,1,0
BRDA:126,20,0,0
BRDA:126,20,1,0
BRDA:132,21,0,0
BRDA:132,21,1,0
BRDA:133,22,0,0
BRDA:133,22,1,0
BRDA:137,23,0,0
BRDA:137,23,1,0
BRDA:139,24,0,0
BRDA:139,24,1,0
BRDA:139,25,0,0
BRDA:139,25,1,0
BRDA:139,25,2,0
BRDA:145,26,0,0
BRDA:145,26,1,0
BRF:55
BRH:0
end_of_record
TN:
SF:assets/js/command-palette.js
FN:7,(anonymous_0)
FN:13,(anonymous_1)
FN:19,(anonymous_2)
FN:30,(anonymous_3)
FN:62,(anonymous_4)
FN:65,(anonymous_5)
FN:71,(anonymous_6)
FN:84,(anonymous_7)
FN:94,(anonymous_8)
FN:103,(anonymous_9)
FN:104,(anonymous_10)
FN:118,(anonymous_11)
FN:124,(anonymous_12)
FN:130,(anonymous_13)
FN:139,(anonymous_14)
FN:153,(anonymous_15)
FN:154,(anonymous_16)
FN:162,(anonymous_17)
FN:170,addSearchHint
FN:200,(anonymous_19)
FN:202,(anonymous_20)
FNF:21
FNH:0
FNDA:0,(anonymous_0)
FNDA:0,(anonymous_1)
FNDA:0,(anonymous_2)
FNDA:0,(anonymous_3)
FNDA:0,(anonymous_4)
FNDA:0,(anonymous_5)
FNDA:0,(anonymous_6)
FNDA:0,(anonymous_7)
FNDA:0,(anonymous_8)
FNDA:0,(anonymous_9)
FNDA:0,(anonymous_10)
FNDA:0,(anonymous_11)
FNDA:0,(anonymous_12)
FNDA:0,(anonymous_13)
FNDA:0,(anonymous_14)
FNDA:0,(anonymous_15)
FNDA:0,(anonymous_16)
FNDA:0,(anonymous_17)
FNDA:0,addSearchHint
FNDA:0,(anonymous_19)
FNDA:0,(anonymous_20)
DA:8,0
DA:9,0
DA:10,0
DA:14,0
DA:15,0
DA:16,0
DA:20,0
DA:21,0
DA:22,0
DA:23,0
DA:25,0
DA:26,0
DA:32,0
DA:35,0
DA:36,0
DA:37,0
DA:40,0
DA:43,0
DA:44,0
DA:45,0
DA:48,0
DA:49,0
DA:50,0
DA:53,0
DA:54,0
DA:57,0
DA:59,0
DA:63,0
DA:65,0
DA:72,0
DA:77,0
DA:85,0
DA:95,0
DA:100,0
DA:104,0
DA:106,0
DA:107,0
DA:108,0
DA:112,0
DA:113,0
DA:119,0
DA:120,0
DA:125,0
DA:126,0
DA:131,0
DA:132,0
DA:140,0
DA:149,0
DA:154,0
DA:155,0
DA:161,0
DA:162,0
DA:163,0
DA:166,0
DA:171,0
DA:172,0
DA:197,0
DA:200,0
DA:201,0
DA:202,0
DA:207,0
DA:208,0
DA:210,0
LF:63
LH:0
BRDA:63,0,0,0
BRDA:63,0,1,0
BRDA:106,1,0,0
BRDA:106,1,1,0
BRDA:106,2,0,0
BRDA:106,2,1,0
BRDA:106,2,2,0
BRDA:112,3,0,0
BRDA:112,3,1,0
BRDA:119,4,0,0
BRDA:119,4,1,0
BRDA:125,5,0,0
BRDA:125,5,1,0
BRDA:149,6,0,0
BRDA:149,6,1,0
BRDA:161,7,0,0
BRDA:161,7,1,0
BRDA:207,8,0,0
BRDA:207,8,1,0
BRF:19
BRH:0
end_of_record
